<?xml version="1.0" encoding="UTF-8"?>
<testng-results ignored="0" total="1" passed="1" failed="0" skipped="0">
  <reporter-output>
  </reporter-output>
  <suite started-at="2022-09-22T16:25:58 IST" name="Default suite" finished-at="2022-09-22T16:26:18 IST" duration-ms="19662">
    <groups>
    </groups>
    <test started-at="2022-09-22T16:25:58 IST" name="Default test" finished-at="2022-09-22T16:26:18 IST" duration-ms="19662">
      <class name="org.altairretro.Tests.AddSupplier_ProductTest">
        <test-method is-config="true" signature="classSetup()[pri:0, instance:org.altairretro.Tests.AddSupplier_ProductTest@23c30a20]" started-at="2022-09-22T16:25:58 IST" name="classSetup" finished-at="2022-09-22T16:26:10 IST" duration-ms="11136" status="PASS">
          <reporter-output>
          </reporter-output>
        </test-method> <!-- classSetup -->
        <test-method signature="AddSupplier_Product()[pri:0, instance:org.altairretro.Tests.AddSupplier_ProductTest@23c30a20]" started-at="2022-09-22T16:26:10 IST" name="AddSupplier_Product" finished-at="2022-09-22T16:26:15 IST" duration-ms="5701" status="PASS">
          <reporter-output>
          </reporter-output>
        </test-method> <!-- AddSupplier_Product -->
        <test-method is-config="true" signature="classTeardown()[pri:0, instance:org.altairretro.Tests.AddSupplier_ProductTest@23c30a20]" started-at="2022-09-22T16:26:15 IST" name="classTeardown" finished-at="2022-09-22T16:26:18 IST" duration-ms="2749" status="PASS">
          <reporter-output>
          </reporter-output>
        </test-method> <!-- classTeardown -->
      </class> <!-- org.altairretro.Tests.AddSupplier_ProductTest -->
    </test> <!-- Default test -->
  </suite> <!-- Default suite -->
</testng-results>
